ERROR: Failed to open 'user://logs/godot2026-07-09T22.56.45.log'.
   at: copy (core/io/dir_access.cpp:429)

================================================================
CrashHandlerException: Program crashed with signal 11
Engine version: Godot Engine v4.7.stable.official (5b4e0cb0fd279832bbdd69fed5354d4e5ad26f88)
Dumping the backtrace. Please include this when reporting the bug on: https://github.com/godotengine/godot/issues
Load address: 7ff6207f0000

[1] 7ff7648b60e1 (main+40c60e1) - no debug info in PE/COFF executable
[2] 7ffeabe1f932 (ntdll.dll+11f932) - no debug info in PE/COFF executable
[3] 7ffeabe647ae (ntdll.dll+1647ae) - no debug info in PE/COFF executable
[4] 7ffeabd221c6 (ntdll.dll+221c6) - no debug info in PE/COFF executable
[5] 7ffeabe640ed (ntdll.dll+1640ed) - no debug info in PE/COFF executable
[6] 7ff7645f96d3 (main+3e096d3) - no debug info in PE/COFF executable
[7] 7ff76421b90c (main+3a2b90c) - no debug info in PE/COFF executable
[8] 7ff76085c7dc (main+6c7dc) - no debug info in PE/COFF executable
[9] 7ff7608423cf (main+523cf) - no debug info in PE/COFF executable
[10] 7ff76084253d (main+5253d) - no debug info in PE/COFF executable
[11] 7ff7607f10c8 (main+10c8) - no debug info in PE/COFF executable
[12] 7ff7607f13f5 (main+13f5) - no debug info in PE/COFF executable
[13] 7ffeaa8ce956 (kernel32.dll+2e956) - no debug info in PE/COFF executable
[14] 7ffeabd87c1b (ntdll.dll+87c1b) - no debug info in PE/COFF executable
[15] -1 (main+-7ff7607f0001) - no debug info in PE/COFF executable
-- END OF C++ BACKTRACE --
================================================================
